iMPACT Version: 14.7

iMPACT log file Started on Thu Feb 20 10:48:00 2020

Welcome to iMPACT
iMPACT Version: 14.7
// *** BATCH CMD : setMode -bs
GUI --- Auto connect to cable...
// *** BATCH CMD : setCable -port auto
AutoDetecting cable. Please wait.
*** WARNING ***: When port is set to auto detect mode, cable speed is set todefault 6 MHz regardless of explicit arguments supplied for setting the baudrates
PROGRESS_START - Starting Operation.
If you are using the Platform Cable USB, please refer to the USB CableInstallation Guide (UG344) to install the libusb package.
 Using windrvr6 driver.
Connecting to cable (Usb Port - USB21).
Checking cable driver.
File version of /opt/Xilinx/14.7/ISE_DS/ISE/bin/lin64/xusbdfwu.hex = 1030.
File version of /usr/share/xusbdfwu.hex = 1030.
 libusb-driver.so version: 2018-03-06 12:16:07.
 Cable PID = 0008.
 Max current requested during enumeration is 280 mA.
Type = 0x0605.
 Cable Type = 3, Revision = 0.
 Setting cable speed to 6 MHz.
Cable connection established.
Firmware version = 1030.
File version of /opt/Xilinx/14.7/ISE_DS/ISE/data/xusbdfwu.hex = 1100.
Firmware hex file version = 1100.
Downloading /opt/Xilinx/14.7/ISE_DS/ISE/data/xusbdfwu.hex.
Downloaded firmware version = 1100.
PLD file version = 0012h.
 PLD version = 0012h.
PROGRESS_END - End Operation.
Elapsed time =      0 sec.
Type = 0x0605.
ESN not available for this cable.
Attempting to identify devices in the boundary-scan chain configuration...
INFO:iMPACT - Current time: 20.2.20 10:48
// *** BATCH CMD : Identify -inferir 
PROGRESS_START - Starting Operation.
Identifying chain contents...'0': : Manufacturer's ID = Xilinx xc2c256, Version : 1
INFO:iMPACT:1777 - 
   Reading /opt/Xilinx/14.7/ISE_DS/ISE/xbr/data/xc2c256.bsd...
INFO:iMPACT:501 - '1': Added Device xc2c256 successfully.
----------------------------------------------------------------------
done.
PROGRESS_END - End Operation.
Elapsed time =      0 sec.
// *** BATCH CMD : identifyMPM 
// *** BATCH CMD : assignFile -p 1 -file"/home/lab661/Documents/xalech-xvymazal/Digital-electronic1/Labs/03-segment/hex_to_segment/top.jed"
'1': Loading file'/home/lab661/Documents/xalech-xvymazal/Digital-electronic1/Labs/03-segment/hex_to_segment/top.jed' ...
done.
INFO:iMPACT:501 - '1': Added Device xc2c256 successfully.
----------------------------------------------------------------------
// *** BATCH CMD : assignFile -p 1 -file"/home/lab661/Documents/xalech-xvymazal/Digital-electronic1/Labs/03-segment/hex_to_segment/top.jed"
'1': Loading file'/home/lab661/Documents/xalech-xvymazal/Digital-electronic1/Labs/03-segment/hex_to_segment/top.jed' ...
done.
INFO:iMPACT:501 - '1': Added Device xc2c256 successfully.
----------------------------------------------------------------------
INFO:iMPACT - Current time: 20.2.20 10:50
// *** BATCH CMD : assignFile -p 1 -file"/home/lab661/Documents/xalech-xvymazal/Digital-electronic1/Labs/03-segment/hex_to_segment/top.jed"
'1': Loading file'/home/lab661/Documents/xalech-xvymazal/Digital-electronic1/Labs/03-segment/hex_to_segment/top.jed' ...
done.
INFO:iMPACT:501 - '1': Added Device xc2c256 successfully.
----------------------------------------------------------------------
// *** BATCH CMD : setMode -bs
// *** BATCH CMD : deleteDevice -position 1
// *** BATCH CMD : setMode -bs
// *** BATCH CMD : setMode -ss
// *** BATCH CMD : setMode -sm
// *** BATCH CMD : setMode -hw140
// *** BATCH CMD : setMode -spi
// *** BATCH CMD : setMode -acecf
// *** BATCH CMD : setMode -acempm
// *** BATCH CMD : setMode -pff
